0 info it worked if it ends with ok
1 verbose cli [ 'node',
1 verbose cli   '/usr/local/bin/npm',
1 verbose cli   'install',
1 verbose cli   'grunt-contrib-coffee',
1 verbose cli   '--save-dev' ]
2 info using npm@2.4.1
3 info using node@v0.10.36
4 verbose node symlink /usr/bin/node
5 silly cache add args [ 'grunt-contrib-coffee', null ]
6 verbose cache add spec grunt-contrib-coffee
7 silly cache add parsed spec { raw: 'grunt-contrib-coffee',
7 silly cache add   scope: null,
7 silly cache add   name: 'grunt-contrib-coffee',
7 silly cache add   rawSpec: '',
7 silly cache add   spec: '*',
7 silly cache add   type: 'range' }
8 verbose addNamed grunt-contrib-coffee@*
9 silly addNamed semver.valid null
10 silly addNamed semver.validRange *
11 silly addNameRange { name: 'grunt-contrib-coffee', range: '*', hasData: false }
12 silly mapToRegistry name grunt-contrib-coffee
13 silly mapToRegistry using default registry
14 silly mapToRegistry registry https://registry.npmjs.org/
15 silly mapToRegistry uri https://registry.npmjs.org/grunt-contrib-coffee
16 verbose addNameRange registry:https://registry.npmjs.org/grunt-contrib-coffee not in flight; fetching
17 verbose request uri https://registry.npmjs.org/grunt-contrib-coffee
18 verbose request no auth needed
19 info attempt registry request try #1 at 00:28:48
20 verbose request id 39bcdcce3dad3542
21 verbose etag "ETXDJKDVE1QVWM02KDBWZEK29"
22 http request GET https://registry.npmjs.org/grunt-contrib-coffee
23 http 304 https://registry.npmjs.org/grunt-contrib-coffee
24 silly get cb [ 304,
24 silly get   { date: 'Sun, 01 Feb 2015 00:28:51 GMT',
24 silly get     server: 'Apache',
24 silly get     via: '1.1 varnish',
24 silly get     'last-modified': 'Sun, 01 Feb 2015 00:28:52 GMT',
24 silly get     'cache-control': 'max-age=60',
24 silly get     etag: '"ETXDJKDVE1QVWM02KDBWZEK29"',
24 silly get     age: '0',
24 silly get     'x-served-by': 'cache-fra1229-FRA',
24 silly get     'x-cache': 'HIT',
24 silly get     'x-cache-hits': '1',
24 silly get     'x-timer': 'S1422750531.356570,VS0,VE724',
24 silly get     vary: 'Accept',
24 silly get     'content-length': '0',
24 silly get     'keep-alive': 'timeout=10, max=50',
24 silly get     connection: 'Keep-Alive' } ]
25 verbose etag https://registry.npmjs.org/grunt-contrib-coffee from cache
26 verbose get saving grunt-contrib-coffee to /home/vagrant/.npm/registry.npmjs.org/grunt-contrib-coffee/.cache.json
27 silly addNameRange number 2 { name: 'grunt-contrib-coffee', range: '*', hasData: true }
28 silly addNameRange versions [ 'grunt-contrib-coffee',
28 silly addNameRange   [ '0.2.0',
28 silly addNameRange     '0.3.0',
28 silly addNameRange     '0.3.1',
28 silly addNameRange     '0.3.2',
28 silly addNameRange     '0.4.0',
28 silly addNameRange     '0.5.0',
28 silly addNameRange     '0.6.0',
28 silly addNameRange     '0.6.1',
28 silly addNameRange     '0.6.2',
28 silly addNameRange     '0.6.3',
28 silly addNameRange     '0.6.4',
28 silly addNameRange     '0.6.5',
28 silly addNameRange     '0.6.6',
28 silly addNameRange     '0.6.7',
28 silly addNameRange     '0.7.0',
28 silly addNameRange     '0.8.0',
28 silly addNameRange     '0.8.2',
28 silly addNameRange     '0.9.0',
28 silly addNameRange     '0.10.0',
28 silly addNameRange     '0.4.0-rc7',
28 silly addNameRange     '0.10.1',
28 silly addNameRange     '0.11.0',
28 silly addNameRange     '0.11.1',
28 silly addNameRange     '0.12.0' ] ]
29 verbose addNamed grunt-contrib-coffee@0.12.0
30 silly addNamed semver.valid 0.12.0
31 silly addNamed semver.validRange 0.12.0
32 silly cache afterAdd grunt-contrib-coffee@0.12.0
33 verbose afterAdd /home/vagrant/.npm/grunt-contrib-coffee/0.12.0/package/package.json not in flight; writing
34 verbose afterAdd /home/vagrant/.npm/grunt-contrib-coffee/0.12.0/package/package.json written
35 silly install resolved [ { name: 'grunt-contrib-coffee',
35 silly install resolved     description: 'Compile CoffeeScript files to JavaScript.',
35 silly install resolved     version: '0.12.0',
35 silly install resolved     homepage: 'https://github.com/gruntjs/grunt-contrib-coffee',
35 silly install resolved     author: { name: 'Grunt Team', url: 'http://gruntjs.com/' },
35 silly install resolved     repository:
35 silly install resolved      { type: 'git',
35 silly install resolved        url: 'git://github.com/gruntjs/grunt-contrib-coffee.git' },
35 silly install resolved     bugs: { url: 'https://github.com/gruntjs/grunt-contrib-coffee/issues' },
35 silly install resolved     licenses: [ [Object] ],
35 silly install resolved     engines: { node: '>= 0.8.0' },
35 silly install resolved     scripts: { test: 'grunt test' },
35 silly install resolved     dependencies:
35 silly install resolved      { 'coffee-script': '~1.8.0',
35 silly install resolved        chalk: '~0.5.0',
35 silly install resolved        lodash: '~2.4.1',
35 silly install resolved        'uri-path': '0.0.2' },
35 silly install resolved     devDependencies:
35 silly install resolved      { 'grunt-contrib-jshint': '~0.10.0',
35 silly install resolved        'grunt-contrib-nodeunit': '~0.4.1',
35 silly install resolved        'grunt-contrib-clean': '~0.6.0',
35 silly install resolved        'grunt-contrib-internal': '~0.4.6',
35 silly install resolved        grunt: '~0.4.1' },
35 silly install resolved     peerDependencies: { grunt: '~0.4.0' },
35 silly install resolved     keywords: [ 'gruntplugin' ],
35 silly install resolved     files: [ 'tasks', 'LICENSE-MIT' ],
35 silly install resolved     contributors:
35 silly install resolved      [ [Object],
35 silly install resolved        [Object],
35 silly install resolved        [Object],
35 silly install resolved        [Object],
35 silly install resolved        [Object],
35 silly install resolved        [Object],
35 silly install resolved        [Object],
35 silly install resolved        [Object],
35 silly install resolved        [Object],
35 silly install resolved        [Object] ],
35 silly install resolved     gitHead: '6b4dbe3db63ada61a7b381c7fca1c5a81c8b6394',
35 silly install resolved     _id: 'grunt-contrib-coffee@0.12.0',
35 silly install resolved     _shasum: '97f840b65693db2dda176f8ed678ef1435c846a2',
35 silly install resolved     _from: 'grunt-contrib-coffee@*',
35 silly install resolved     _npmVersion: '1.4.28',
35 silly install resolved     _npmUser: { name: 'vladikoff', email: 'vlad@vladikoff.com' },
35 silly install resolved     maintainers: [ [Object], [Object], [Object], [Object], [Object], [Object] ],
35 silly install resolved     dist:
35 silly install resolved      { shasum: '97f840b65693db2dda176f8ed678ef1435c846a2',
35 silly install resolved        tarball: 'http://registry.npmjs.org/grunt-contrib-coffee/-/grunt-contrib-coffee-0.12.0.tgz' },
35 silly install resolved     directories: {},
35 silly install resolved     _resolved: 'https://registry.npmjs.org/grunt-contrib-coffee/-/grunt-contrib-coffee-0.12.0.tgz',
35 silly install resolved     readme: 'ERROR: No README data found!' } ]
36 info install grunt-contrib-coffee@0.12.0 into /vagrant
37 info installOne grunt-contrib-coffee@0.12.0
38 verbose installOne of grunt-contrib-coffee to /vagrant not in flight; installing
39 warn locking Error: EACCES, open '/home/vagrant/.npm/_locks/grunt-contrib-coffee-2c21215dee73b0e9.lock'
39 warn locking  /home/vagrant/.npm/_locks/grunt-contrib-coffee-2c21215dee73b0e9.lock failed { [Error: EACCES, open '/home/vagrant/.npm/_locks/grunt-contrib-coffee-2c21215dee73b0e9.lock']
39 warn locking   errno: 3,
39 warn locking   code: 'EACCES',
39 warn locking   path: '/home/vagrant/.npm/_locks/grunt-contrib-coffee-2c21215dee73b0e9.lock' }
40 verbose stack Error: Attempt to unlock /vagrant/node_modules/grunt-contrib-coffee, which hasn't been locked
40 verbose stack     at unlock (/usr/local/lib/node_modules/npm/lib/utils/locker.js:66:11)
40 verbose stack     at cb (/usr/local/lib/node_modules/npm/lib/install.js:929:5)
40 verbose stack     at /usr/local/lib/node_modules/npm/lib/install.js:933:20
40 verbose stack     at /usr/local/lib/node_modules/npm/lib/utils/locker.js:40:9
40 verbose stack     at cb (/usr/local/lib/node_modules/npm/node_modules/lockfile/lockfile.js:149:38)
40 verbose stack     at /usr/local/lib/node_modules/npm/node_modules/lockfile/lockfile.js:177:38
40 verbose stack     at Object.oncomplete (fs.js:108:15)
41 verbose cwd /vagrant
42 error Linux 3.13.0-39-generic
43 error argv "node" "/usr/local/bin/npm" "install" "grunt-contrib-coffee" "--save-dev"
44 error node v0.10.36
45 error npm  v2.4.1
46 error Attempt to unlock /vagrant/node_modules/grunt-contrib-coffee, which hasn't been locked
47 error If you need help, you may report this error at:
47 error     <http://github.com/npm/npm/issues>
48 verbose exit [ 1, true ]
